Using pre-set license
Built from '2021.3/staging' branch; Version is '2021.3.24f1 (cf10dcf7010d) revision 13570268'; Using compiler version '192829333'; Build Type 'Release'
OS: 'Windows 11  (10.0.22000) 64bit Professional' Language: 'en' Physical Memory: 8131 MB
BatchMode: 1, IsHumanControllingUs: 0, StartBugReporterOnCrash: 0, Is64bit: 1, IsPro: 1

COMMAND LINE ARGUMENTS:
D:\Program Files (x86)\Unity Editor\2021.3.24f1\Editor\Unity.exe
-adb2
-batchMode
-noUpm
-name
AssetImportWorker0
-projectPath
F:/Codebase/Unity Projects/The3dMaze
-logFile
Logs/AssetImportWorker0.log
-srvPort
51116
Successfully changed project path to: F:/Codebase/Unity Projects/The3dMaze
F:/Codebase/Unity Projects/The3dMaze
[UnityMemory] Configuration Parameters - Can be set up in boot.config
    "memorysetup-bucket-allocator-granularity=16"
    "memorysetup-bucket-allocator-bucket-count=8"
    "memorysetup-bucket-allocator-block-size=33554432"
    "memorysetup-bucket-allocator-block-count=8"
    "memorysetup-main-allocator-block-size=16777216"
    "memorysetup-thread-allocator-block-size=16777216"
    "memorysetup-gfx-main-allocator-block-size=16777216"
    "memorysetup-gfx-thread-allocator-block-size=16777216"
    "memorysetup-cache-allocator-block-size=4194304"
    "memorysetup-typetree-allocator-block-size=2097152"
    "memorysetup-profiler-bucket-allocator-granularity=16"
    "memorysetup-profiler-bucket-allocator-bucket-count=8"
    "memorysetup-profiler-bucket-allocator-block-size=33554432"
    "memorysetup-profiler-bucket-allocator-block-count=8"
    "memorysetup-profiler-allocator-block-size=16777216"
    "memorysetup-profiler-editor-allocator-block-size=1048576"
    "memorysetup-temp-allocator-size-main=16777216"
    "memorysetup-job-temp-allocator-block-size=2097152"
    "memorysetup-job-temp-allocator-block-size-background=1048576"
    "memorysetup-job-temp-allocator-reduction-small-platforms=262144"
    "memorysetup-temp-allocator-size-background-worker=32768"
    "memorysetup-temp-allocator-size-job-worker=262144"
    "memorysetup-temp-allocator-size-preload-manager=33554432"
    "memorysetup-temp-allocator-size-nav-mesh-worker=65536"
    "memorysetup-temp-allocator-size-audio-worker=65536"
    "memorysetup-temp-allocator-size-cloud-worker=32768"
    "memorysetup-temp-allocator-size-gi-baking-worker=262144"
    "memorysetup-temp-allocator-size-gfx=262144"
Player connection [4748] Host "[IP] 192.168.1.244 [Port] 0 [Flags] 2 [Guid] 742788811 [EditorId] 742788811 [Version] 1048832 [Id] WindowsEditor(7,DESKTOP-OQEBGJ8) [Debug] 1 [PackageName] WindowsEditor [ProjectName] Editor" joined multi-casting on [225.0.0.222:54997]...

Player connection [4748] Host "[IP] 192.168.1.244 [Port] 0 [Flags] 2 [Guid] 742788811 [EditorId] 742788811 [Version] 1048832 [Id] WindowsEditor(7,DESKTOP-OQEBGJ8) [Debug] 1 [PackageName] WindowsEditor [ProjectName] Editor" joined alternative multi-casting on [225.0.0.222:34997]...

Refreshing native plugins compatible for Editor in 667.94 ms, found 3 plugins.
Preloading 0 native plugins for Editor in 0.00 ms.
Initialize engine version: 2021.3.24f1 (cf10dcf7010d)
[Subsystems] Discovering subsystems at path D:/Program Files (x86)/Unity Editor/2021.3.24f1/Editor/Data/Resources/UnitySubsystems
[Subsystems] Discovering subsystems at path F:/Codebase/Unity Projects/The3dMaze/Assets
GfxDevice: creating device client; threaded=0; jobified=0
Direct3D:
    Version:  Direct3D 11.0 [level 11.1]
    Renderer: NVIDIA GeForce GTX 960 (ID=0x1401)
    Vendor:   NVIDIA
    VRAM:     4053 MB
    Driver:   26.21.14.3200
Initialize mono
Mono path[0] = 'D:/Program Files (x86)/Unity Editor/2021.3.24f1/Editor/Data/Managed'
Mono path[1] = 'D:/Program Files (x86)/Unity Editor/2021.3.24f1/Editor/Data/MonoBleedingEdge/lib/mono/unityjit-win32'
Mono config path = 'D:/Program Files (x86)/Unity Editor/2021.3.24f1/Editor/Data/MonoBleedingEdge/etc'
Using monoOptions --debugger-agent=transport=dt_socket,embedding=1,server=y,suspend=n,address=127.0.0.1:56740
Begin MonoManager ReloadAssembly
Registering precompiled unity dll's ...
Register platform support module: D:/Program Files (x86)/Unity Editor/2021.3.24f1/Editor/Data/PlaybackEngines/WebGLSupport/UnityEditor.WebGL.Extensions.dll
Register platform support module: D:/Program Files (x86)/Unity Editor/2021.3.24f1/Editor/Data/PlaybackEngines/WindowsStandaloneSupport/UnityEditor.WindowsStandalone.Extensions.dll
Registered in 0.010429 seconds.
Native extension for WindowsStandalone target not found
Native extension for WebGL target not found
Refreshing native plugins compatible for Editor in 95.30 ms, found 3 plugins.
Preloading 0 native plugins for Editor in 0.00 ms.
Mono: successfully reloaded assembly
- Completed reload, in  0.975 seconds
Domain Reload Profiling:
	ReloadAssembly (976ms)
		BeginReloadAssembly (283ms)
			ExecutionOrderSort (0ms)
			DisableScriptedObjects (0ms)
			BackupInstance (0ms)
			ReleaseScriptingObjects (0ms)
			CreateAndSetChildDomain (1ms)
		EndReloadAssembly (570ms)
			LoadAssemblies (283ms)
			RebuildTransferFunctionScriptingTraits (0ms)
			SetupTypeCache (156ms)
			ReleaseScriptCaches (0ms)
			RebuildScriptCaches (33ms)
			SetupLoadedEditorAssemblies (325ms)
				LogAssemblyErrors (0ms)
				InitializePlatformSupportModulesInManaged (10ms)
				SetLoadedEditorAssemblies (0ms)
				RefreshPlugins (95ms)
				BeforeProcessingInitializeOnLoad (1ms)
				ProcessInitializeOnLoadAttributes (153ms)
				ProcessInitializeOnLoadMethodAttributes (65ms)
				AfterProcessingInitializeOnLoad (0ms)
				EditorAssembliesLoaded (0ms)
			ExecutionOrderSort2 (0ms)
			AwakeInstancesAfterBackupRestoration (0ms)
Platform modules already initialized, skipping
Registering precompiled user dll's ...
Registered in 0.005969 seconds.
Begin MonoManager ReloadAssembly
Symbol file LoadedFromMemory doesn't match image F:\Codebase\Unity Projects\The3dMaze\Library\PackageCache\com.unity.visualscripting@1.8.0\Editor\VisualScripting.Core\Dependencies\YamlDotNet\Unity.VisualScripting.YamlDotNet.dll
Symbol file LoadedFromMemory doesn't match image F:\Codebase\Unity Projects\The3dMaze\Library\PackageCache\com.unity.visualscripting@1.8.0\Editor\VisualScripting.Core\Dependencies\DotNetZip\Unity.VisualScripting.IonicZip.dll
Native extension for WindowsStandalone target not found
Native extension for WebGL target not found
Refreshing native plugins compatible for Editor in 0.66 ms, found 3 plugins.
Preloading 0 native plugins for Editor in 0.00 ms.
Mono: successfully reloaded assembly
- Completed reload, in  1.850 seconds
Domain Reload Profiling:
	ReloadAssembly (1851ms)
		BeginReloadAssembly (151ms)
			ExecutionOrderSort (0ms)
			DisableScriptedObjects (7ms)
			BackupInstance (0ms)
			ReleaseScriptingObjects (0ms)
			CreateAndSetChildDomain (28ms)
		EndReloadAssembly (1563ms)
			LoadAssemblies (544ms)
			RebuildTransferFunctionScriptingTraits (0ms)
			SetupTypeCache (446ms)
			ReleaseScriptCaches (1ms)
			RebuildScriptCaches (76ms)
			SetupLoadedEditorAssemblies (452ms)
				LogAssemblyErrors (0ms)
				InitializePlatformSupportModulesInManaged (7ms)
				SetLoadedEditorAssemblies (1ms)
				RefreshPlugins (1ms)
				BeforeProcessingInitializeOnLoad (95ms)
				ProcessInitializeOnLoadAttributes (315ms)
				ProcessInitializeOnLoadMethodAttributes (28ms)
				AfterProcessingInitializeOnLoad (5ms)
				EditorAssembliesLoaded (0ms)
			ExecutionOrderSort2 (0ms)
			AwakeInstancesAfterBackupRestoration (10ms)
Platform modules already initialized, skipping
========================================================================
Worker process is ready to serve import requests
Launched and connected shader compiler UnityShaderCompiler.exe after 0.07 seconds
Refreshing native plugins compatible for Editor in 0.58 ms, found 3 plugins.
Preloading 0 native plugins for Editor in 0.00 ms.
Unloading 3047 Unused Serialized files (Serialized files now loaded: 0)
Unloading 24 unused Assets / (113.5 KB). Loaded Objects now: 3507.
Memory consumption went from 107.6 MB to 107.5 MB.
Total: 4.810900 ms (FindLiveObjects: 0.362300 ms CreateObjectMapping: 0.150000 ms MarkObjects: 4.178300 ms  DeleteObjects: 0.118800 ms)

AssetImportParameters requested are different than current active one (requested -> active):
  custom:video-decoder-ogg-theora: a1e56fd34408186e4bbccfd4996cb3dc -> 
  custom:container-muxer-webm: aa71ff27fc2769a1b78a27578f13a17b -> 
  custom:container-demuxer-webm: 4f35f7cbe854078d1ac9338744f61a02 -> 
  custom:video-encoder-webm-vp8: eb34c28f22e8b96e1ab97ce403110664 -> 
  custom:audio-encoder-webm-vorbis: bf7c407c2cedff20999df2af8eb42d56 -> 
  custom:framework-win-MediaFoundation: 216162199b28c13a410421893ffa2e32 -> 
  custom:container-demuxer-ogg: 62fdf1f143b41e24485cea50d1cbac27 -> 
  custom:video-decoder-webm-vp8: 9c59270c3fd7afecdb556c50c9e8de78 -> 
  custom:audio-decoder-ogg-vorbis: bf7c407c2cedff20999df2af8eb42d56 -> 
========================================================================
Received Import Request.
  Time since last request: 11014.919307 seconds.
  path: Assets/Prefabs/Movement Instructions.prefab
  artifactKey: Guid(a0b0bb9e5e95edb4e86c84c235950dec) Importer(815301076,1909f56bfc062723c751e8b465ee728b)
Start importing Assets/Prefabs/Movement Instructions.prefab using Guid(a0b0bb9e5e95edb4e86c84c235950dec) Importer(815301076,1909f56bfc062723c751e8b465ee728b)  -> (artifact id: '72a0f764ff17a5dee408ef4f641d137a') in 0.063972 seconds 
========================================================================
Received Import Request.
  Time since last request: 1.156022 seconds.
  path: Assets/Prefabs/Movement Instructions.prefab
  artifactKey: Guid(a0b0bb9e5e95edb4e86c84c235950dec) Importer(815301076,1909f56bfc062723c751e8b465ee728b)
Start importing Assets/Prefabs/Movement Instructions.prefab using Guid(a0b0bb9e5e95edb4e86c84c235950dec) Importer(815301076,1909f56bfc062723c751e8b465ee728b)  -> (artifact id: '2e99f16f66c641354c182ec747688be6') in 0.004529 seconds 
========================================================================
Received Import Request.
  Time since last request: 10.841070 seconds.
  path: Assets/Prefabs/Movement Instructions.prefab
  artifactKey: Guid(a0b0bb9e5e95edb4e86c84c235950dec) Importer(815301076,1909f56bfc062723c751e8b465ee728b)
Start importing Assets/Prefabs/Movement Instructions.prefab using Guid(a0b0bb9e5e95edb4e86c84c235950dec) Importer(815301076,1909f56bfc062723c751e8b465ee728b)  -> (artifact id: 'e02b53d22fa811b212f443d0646d0ca2') in 0.004572 seconds 
========================================================================
Received Import Request.
  Time since last request: 4.516064 seconds.
  path: Assets/Prefabs/Movement Instructions.prefab
  artifactKey: Guid(a0b0bb9e5e95edb4e86c84c235950dec) Importer(815301076,1909f56bfc062723c751e8b465ee728b)
Start importing Assets/Prefabs/Movement Instructions.prefab using Guid(a0b0bb9e5e95edb4e86c84c235950dec) Importer(815301076,1909f56bfc062723c751e8b465ee728b)  -> (artifact id: '3317e5226c868f5307a7bc2e206ad995') in 0.004137 seconds 
========================================================================
Received Import Request.
  Time since last request: 10.031325 seconds.
  path: Assets/Prefabs/Movement Instructions.prefab
  artifactKey: Guid(a0b0bb9e5e95edb4e86c84c235950dec) Importer(815301076,1909f56bfc062723c751e8b465ee728b)
Start importing Assets/Prefabs/Movement Instructions.prefab using Guid(a0b0bb9e5e95edb4e86c84c235950dec) Importer(815301076,1909f56bfc062723c751e8b465ee728b)  -> (artifact id: 'c7a274d1773c83ad8f89386b91c3e8c4') in 0.020119 seconds 
========================================================================
Received Prepare
Registering precompiled user dll's ...
Registered in 0.005358 seconds.
Begin MonoManager ReloadAssembly
Symbol file LoadedFromMemory doesn't match image F:\Codebase\Unity Projects\The3dMaze\Library\PackageCache\com.unity.visualscripting@1.8.0\Editor\VisualScripting.Core\Dependencies\YamlDotNet\Unity.VisualScripting.YamlDotNet.dll
Symbol file LoadedFromMemory doesn't match image F:\Codebase\Unity Projects\The3dMaze\Library\PackageCache\com.unity.visualscripting@1.8.0\Editor\VisualScripting.Core\Dependencies\DotNetZip\Unity.VisualScripting.IonicZip.dll
Native extension for WindowsStandalone target not found
Native extension for WebGL target not found
Refreshing native plugins compatible for Editor in 0.80 ms, found 3 plugins.
Preloading 0 native plugins for Editor in 0.00 ms.
Mono: successfully reloaded assembly
- Completed reload, in  1.253 seconds
Domain Reload Profiling:
	ReloadAssembly (1254ms)
		BeginReloadAssembly (197ms)
			ExecutionOrderSort (0ms)
			DisableScriptedObjects (9ms)
			BackupInstance (0ms)
			ReleaseScriptingObjects (0ms)
			CreateAndSetChildDomain (46ms)
		EndReloadAssembly (934ms)
			LoadAssemblies (132ms)
			RebuildTransferFunctionScriptingTraits (0ms)
			SetupTypeCache (383ms)
			ReleaseScriptCaches (1ms)
			RebuildScriptCaches (48ms)
			SetupLoadedEditorAssemblies (350ms)
				LogAssemblyErrors (0ms)
				InitializePlatformSupportModulesInManaged (6ms)
				SetLoadedEditorAssemblies (1ms)
				RefreshPlugins (1ms)
				BeforeProcessingInitializeOnLoad (75ms)
				ProcessInitializeOnLoadAttributes (240ms)
				ProcessInitializeOnLoadMethodAttributes (22ms)
				AfterProcessingInitializeOnLoad (4ms)
				EditorAssembliesLoaded (0ms)
			ExecutionOrderSort2 (0ms)
			AwakeInstancesAfterBackupRestoration (12ms)
Platform modules already initialized, skipping
Refreshing native plugins compatible for Editor in 1.80 ms, found 3 plugins.
Preloading 0 native plugins for Editor in 0.00 ms.
Unloading 3089 Unused Serialized files (Serialized files now loaded: 0)
Unloading 30 unused Assets / (0.7 MB). Loaded Objects now: 3545.
Memory consumption went from 110.6 MB to 109.9 MB.
Total: 3.646000 ms (FindLiveObjects: 0.341700 ms CreateObjectMapping: 0.108800 ms MarkObjects: 2.817200 ms  DeleteObjects: 0.377400 ms)

AssetImportParameters requested are different than current active one (requested -> active):
  custom:video-decoder-ogg-theora: a1e56fd34408186e4bbccfd4996cb3dc -> 
  custom:container-muxer-webm: aa71ff27fc2769a1b78a27578f13a17b -> 
  custom:container-demuxer-webm: 4f35f7cbe854078d1ac9338744f61a02 -> 
  custom:video-encoder-webm-vp8: eb34c28f22e8b96e1ab97ce403110664 -> 
  custom:audio-encoder-webm-vorbis: bf7c407c2cedff20999df2af8eb42d56 -> 
  custom:framework-win-MediaFoundation: 216162199b28c13a410421893ffa2e32 -> 
  custom:container-demuxer-ogg: 62fdf1f143b41e24485cea50d1cbac27 -> 
  custom:video-decoder-webm-vp8: 9c59270c3fd7afecdb556c50c9e8de78 -> 
  custom:audio-decoder-ogg-vorbis: bf7c407c2cedff20999df2af8eb42d56 -> 
========================================================================
Received Import Request.
  Time since last request: 124.632521 seconds.
  path: Assets/Prefabs/Movement Instructions.prefab
  artifactKey: Guid(a0b0bb9e5e95edb4e86c84c235950dec) Importer(815301076,1909f56bfc062723c751e8b465ee728b)
Start importing Assets/Prefabs/Movement Instructions.prefab using Guid(a0b0bb9e5e95edb4e86c84c235950dec) Importer(815301076,1909f56bfc062723c751e8b465ee728b)  -> (artifact id: 'c33c9a0782349cc7c7017045c102a7cb') in 0.046739 seconds 
========================================================================
Received Import Request.
  Time since last request: 19.013898 seconds.
  path: Assets/Prefabs/Movement Instructions.prefab
  artifactKey: Guid(a0b0bb9e5e95edb4e86c84c235950dec) Importer(815301076,1909f56bfc062723c751e8b465ee728b)
Start importing Assets/Prefabs/Movement Instructions.prefab using Guid(a0b0bb9e5e95edb4e86c84c235950dec) Importer(815301076,1909f56bfc062723c751e8b465ee728b)  -> (artifact id: 'c4d9bd33688d73d0c5dddc635b018e38') in 0.050450 seconds 
========================================================================
Received Import Request.
  Time since last request: 8.071299 seconds.
  path: Assets/Prefabs/Movement Instructions.prefab
  artifactKey: Guid(a0b0bb9e5e95edb4e86c84c235950dec) Importer(815301076,1909f56bfc062723c751e8b465ee728b)
Start importing Assets/Prefabs/Movement Instructions.prefab using Guid(a0b0bb9e5e95edb4e86c84c235950dec) Importer(815301076,1909f56bfc062723c751e8b465ee728b)  -> (artifact id: '04c6419cdae4c5e736fb14ef1a4e62eb') in 0.029004 seconds 
========================================================================
Received Import Request.
  Time since last request: 27.986561 seconds.
  path: Assets/Prefabs/Movement Instructions.prefab
  artifactKey: Guid(a0b0bb9e5e95edb4e86c84c235950dec) Importer(815301076,1909f56bfc062723c751e8b465ee728b)
Start importing Assets/Prefabs/Movement Instructions.prefab using Guid(a0b0bb9e5e95edb4e86c84c235950dec) Importer(815301076,1909f56bfc062723c751e8b465ee728b)  -> (artifact id: '8c399677e9d0e0545e56d7df64172d15') in 0.028189 seconds 
========================================================================
Received Import Request.
  Time since last request: 9.179121 seconds.
  path: Assets/Prefabs/Movement Instructions.prefab
  artifactKey: Guid(a0b0bb9e5e95edb4e86c84c235950dec) Importer(815301076,1909f56bfc062723c751e8b465ee728b)
Start importing Assets/Prefabs/Movement Instructions.prefab using Guid(a0b0bb9e5e95edb4e86c84c235950dec) Importer(815301076,1909f56bfc062723c751e8b465ee728b)  -> (artifact id: 'eaca5b9331626b0dcbe611ea2ef18d3d') in 0.027687 seconds 
========================================================================
Received Import Request.
  Time since last request: 30.447972 seconds.
  path: Assets/Prefabs/Movement Instructions.prefab
  artifactKey: Guid(a0b0bb9e5e95edb4e86c84c235950dec) Importer(815301076,1909f56bfc062723c751e8b465ee728b)
Start importing Assets/Prefabs/Movement Instructions.prefab using Guid(a0b0bb9e5e95edb4e86c84c235950dec) Importer(815301076,1909f56bfc062723c751e8b465ee728b)  -> (artifact id: 'd1825c651fa089d2363f4c5e01cf724f') in 0.026080 seconds 
========================================================================
Received Import Request.
  Time since last request: 2.648336 seconds.
  path: Assets/Prefabs/Movement Instructions.prefab
  artifactKey: Guid(a0b0bb9e5e95edb4e86c84c235950dec) Importer(815301076,1909f56bfc062723c751e8b465ee728b)
Start importing Assets/Prefabs/Movement Instructions.prefab using Guid(a0b0bb9e5e95edb4e86c84c235950dec) Importer(815301076,1909f56bfc062723c751e8b465ee728b)  -> (artifact id: '713b222da09361fefe920b1ae10ad545') in 0.026802 seconds 
========================================================================
Received Import Request.
  Time since last request: 3.393732 seconds.
  path: Assets/Prefabs/Movement Instructions.prefab
  artifactKey: Guid(a0b0bb9e5e95edb4e86c84c235950dec) Importer(815301076,1909f56bfc062723c751e8b465ee728b)
Start importing Assets/Prefabs/Movement Instructions.prefab using Guid(a0b0bb9e5e95edb4e86c84c235950dec) Importer(815301076,1909f56bfc062723c751e8b465ee728b)  -> (artifact id: '566b17ff7fe20f0995c62f31e99e991c') in 0.027467 seconds 
========================================================================
Received Import Request.
  Time since last request: 2.168481 seconds.
  path: Assets/Prefabs/Movement Instructions.prefab
  artifactKey: Guid(a0b0bb9e5e95edb4e86c84c235950dec) Importer(815301076,1909f56bfc062723c751e8b465ee728b)
Start importing Assets/Prefabs/Movement Instructions.prefab using Guid(a0b0bb9e5e95edb4e86c84c235950dec) Importer(815301076,1909f56bfc062723c751e8b465ee728b)  -> (artifact id: 'ca02610db15ff5b0241355a7cab320e9') in 0.026249 seconds 
========================================================================
Received Import Request.
  Time since last request: 153.931629 seconds.
  path: Assets/Scripts/PlayerBehavior.cs
  artifactKey: Guid(6f2b53a2d8a1fef43a0efeba64904219) Importer(815301076,1909f56bfc062723c751e8b465ee728b)
Start importing Assets/Scripts/PlayerBehavior.cs using Guid(6f2b53a2d8a1fef43a0efeba64904219) Importer(815301076,1909f56bfc062723c751e8b465ee728b)  -> (artifact id: 'cda4d26442bda31d1345d4698ee9069a') in 0.020267 seconds 
========================================================================
Received Prepare
Registering precompiled user dll's ...
Registered in 0.005361 seconds.
Begin MonoManager ReloadAssembly
Symbol file LoadedFromMemory doesn't match image F:\Codebase\Unity Projects\The3dMaze\Library\PackageCache\com.unity.visualscripting@1.8.0\Editor\VisualScripting.Core\Dependencies\YamlDotNet\Unity.VisualScripting.YamlDotNet.dll
Symbol file LoadedFromMemory doesn't match image F:\Codebase\Unity Projects\The3dMaze\Library\PackageCache\com.unity.visualscripting@1.8.0\Editor\VisualScripting.Core\Dependencies\DotNetZip\Unity.VisualScripting.IonicZip.dll
Native extension for WindowsStandalone target not found
Native extension for WebGL target not found
Refreshing native plugins compatible for Editor in 0.56 ms, found 3 plugins.
Preloading 0 native plugins for Editor in 0.00 ms.
Mono: successfully reloaded assembly
- Completed reload, in  1.252 seconds
Domain Reload Profiling:
	ReloadAssembly (1253ms)
		BeginReloadAssembly (188ms)
			ExecutionOrderSort (0ms)
			DisableScriptedObjects (6ms)
			BackupInstance (0ms)
			ReleaseScriptingObjects (0ms)
			CreateAndSetChildDomain (52ms)
		EndReloadAssembly (954ms)
			LoadAssemblies (116ms)
			RebuildTransferFunctionScriptingTraits (0ms)
			SetupTypeCache (414ms)
			ReleaseScriptCaches (2ms)
			RebuildScriptCaches (72ms)
			SetupLoadedEditorAssemblies (313ms)
				LogAssemblyErrors (0ms)
				InitializePlatformSupportModulesInManaged (6ms)
				SetLoadedEditorAssemblies (1ms)
				RefreshPlugins (1ms)
				BeforeProcessingInitializeOnLoad (61ms)
				ProcessInitializeOnLoadAttributes (220ms)
				ProcessInitializeOnLoadMethodAttributes (21ms)
				AfterProcessingInitializeOnLoad (4ms)
				EditorAssembliesLoaded (0ms)
			ExecutionOrderSort2 (0ms)
			AwakeInstancesAfterBackupRestoration (8ms)
Platform modules already initialized, skipping
Refreshing native plugins compatible for Editor in 1.83 ms, found 3 plugins.
Preloading 0 native plugins for Editor in 0.00 ms.
Unloading 3090 Unused Serialized files (Serialized files now loaded: 0)
Unloading 30 unused Assets / (0.7 MB). Loaded Objects now: 3549.
Memory consumption went from 110.7 MB to 109.9 MB.
Total: 3.448600 ms (FindLiveObjects: 0.270100 ms CreateObjectMapping: 0.113500 ms MarkObjects: 2.678000 ms  DeleteObjects: 0.385800 ms)

AssetImportParameters requested are different than current active one (requested -> active):
  custom:video-decoder-ogg-theora: a1e56fd34408186e4bbccfd4996cb3dc -> 
  custom:container-muxer-webm: aa71ff27fc2769a1b78a27578f13a17b -> 
  custom:container-demuxer-webm: 4f35f7cbe854078d1ac9338744f61a02 -> 
  custom:video-encoder-webm-vp8: eb34c28f22e8b96e1ab97ce403110664 -> 
  custom:audio-encoder-webm-vorbis: bf7c407c2cedff20999df2af8eb42d56 -> 
  custom:framework-win-MediaFoundation: 216162199b28c13a410421893ffa2e32 -> 
  custom:container-demuxer-ogg: 62fdf1f143b41e24485cea50d1cbac27 -> 
  custom:video-decoder-webm-vp8: 9c59270c3fd7afecdb556c50c9e8de78 -> 
  custom:audio-decoder-ogg-vorbis: bf7c407c2cedff20999df2af8eb42d56 -> 
========================================================================
Received Prepare
Registering precompiled user dll's ...
Registered in 0.005101 seconds.
Begin MonoManager ReloadAssembly
Symbol file LoadedFromMemory doesn't match image F:\Codebase\Unity Projects\The3dMaze\Library\PackageCache\com.unity.visualscripting@1.8.0\Editor\VisualScripting.Core\Dependencies\YamlDotNet\Unity.VisualScripting.YamlDotNet.dll
Symbol file LoadedFromMemory doesn't match image F:\Codebase\Unity Projects\The3dMaze\Library\PackageCache\com.unity.visualscripting@1.8.0\Editor\VisualScripting.Core\Dependencies\DotNetZip\Unity.VisualScripting.IonicZip.dll
Native extension for WindowsStandalone target not found
Native extension for WebGL target not found
Refreshing native plugins compatible for Editor in 0.69 ms, found 3 plugins.
Preloading 0 native plugins for Editor in 0.00 ms.
Mono: successfully reloaded assembly
- Completed reload, in  1.242 seconds
Domain Reload Profiling:
	ReloadAssembly (1243ms)
		BeginReloadAssembly (175ms)
			ExecutionOrderSort (0ms)
			DisableScriptedObjects (7ms)
			BackupInstance (0ms)
			ReleaseScriptingObjects (0ms)
			CreateAndSetChildDomain (41ms)
		EndReloadAssembly (954ms)
			LoadAssemblies (120ms)
			RebuildTransferFunctionScriptingTraits (0ms)
			SetupTypeCache (420ms)
			ReleaseScriptCaches (2ms)
			RebuildScriptCaches (71ms)
			SetupLoadedEditorAssemblies (321ms)
				LogAssemblyErrors (0ms)
				InitializePlatformSupportModulesInManaged (6ms)
				SetLoadedEditorAssemblies (1ms)
				RefreshPlugins (1ms)
				BeforeProcessingInitializeOnLoad (66ms)
				ProcessInitializeOnLoadAttributes (223ms)
				ProcessInitializeOnLoadMethodAttributes (21ms)
				AfterProcessingInitializeOnLoad (4ms)
				EditorAssembliesLoaded (0ms)
			ExecutionOrderSort2 (0ms)
			AwakeInstancesAfterBackupRestoration (8ms)
Platform modules already initialized, skipping
Refreshing native plugins compatible for Editor in 1.70 ms, found 3 plugins.
Preloading 0 native plugins for Editor in 0.00 ms.
Unloading 3090 Unused Serialized files (Serialized files now loaded: 0)
Unloading 30 unused Assets / (0.7 MB). Loaded Objects now: 3552.
Memory consumption went from 110.7 MB to 109.9 MB.
Total: 3.603500 ms (FindLiveObjects: 0.272500 ms CreateObjectMapping: 0.229600 ms MarkObjects: 2.687900 ms  DeleteObjects: 0.412400 ms)

AssetImportParameters requested are different than current active one (requested -> active):
  custom:video-decoder-ogg-theora: a1e56fd34408186e4bbccfd4996cb3dc -> 
  custom:container-muxer-webm: aa71ff27fc2769a1b78a27578f13a17b -> 
  custom:container-demuxer-webm: 4f35f7cbe854078d1ac9338744f61a02 -> 
  custom:video-encoder-webm-vp8: eb34c28f22e8b96e1ab97ce403110664 -> 
  custom:audio-encoder-webm-vorbis: bf7c407c2cedff20999df2af8eb42d56 -> 
  custom:framework-win-MediaFoundation: 216162199b28c13a410421893ffa2e32 -> 
  custom:container-demuxer-ogg: 62fdf1f143b41e24485cea50d1cbac27 -> 
  custom:video-decoder-webm-vp8: 9c59270c3fd7afecdb556c50c9e8de78 -> 
  custom:audio-decoder-ogg-vorbis: bf7c407c2cedff20999df2af8eb42d56 -> 
